{"/Users/Mina/FAC/JustOpine/lib/db.js":{"path":"/Users/Mina/FAC/JustOpine/lib/db.js","s":{"1":1,"2":1,"3":1,"4":1,"5":1,"6":1,"7":0,"8":1},"b":{},"f":{"1":0},"fnMap":{"1":{"name":"(anonymous_1)","line":6,"loc":{"start":{"line":6,"column":19},"end":{"line":6,"column":33}}}},"statementMap":{"1":{"start":{"line":1,"column":0},"end":{"line":1,"column":25}},"2":{"start":{"line":2,"column":0},"end":{"line":2,"column":29}},"3":{"start":{"line":3,"column":0},"end":{"line":3,"column":47}},"4":{"start":{"line":4,"column":0},"end":{"line":4,"column":90}},"5":{"start":{"line":5,"column":0},"end":{"line":5,"column":41}},"6":{"start":{"line":6,"column":0},"end":{"line":8,"column":3}},"7":{"start":{"line":7,"column":4},"end":{"line":7,"column":39}},"8":{"start":{"line":10,"column":0},"end":{"line":10,"column":24}}},"branchMap":{}},"/Users/Mina/FAC/JustOpine/lib/api.js":{"path":"/Users/Mina/FAC/JustOpine/lib/api.js","s":{"1":1,"2":1,"3":1,"4":0,"5":0,"6":0,"7":0,"8":0,"9":0,"10":0,"11":0,"12":0,"13":0,"14":0,"15":0,"16":0,"17":0,"18":0,"19":0,"20":0,"21":0,"22":0,"23":0,"24":0,"25":0,"26":0,"27":0,"28":0,"29":0,"30":0,"31":0,"32":0,"33":0,"34":0,"35":0,"36":0,"37":0,"38":0,"39":0,"40":0,"41":0,"42":0,"43":0,"44":0,"45":0,"46":0,"47":0,"48":0,"49":0,"50":0,"51":0,"52":0,"53":0,"54":0,"55":0,"56":0,"57":0,"58":0,"59":0,"60":0,"61":0,"62":0,"63":0,"64":0,"65":0,"66":0,"67":0,"68":0,"69":0,"70":0,"71":0,"72":0,"73":0,"74":0,"75":0,"76":0,"77":0,"78":0,"79":0,"80":0,"81":0,"82":0,"83":0,"84":0,"85":0,"86":0,"87":0,"88":0,"89":0,"90":0,"91":0,"92":0,"93":0,"94":0,"95":0,"96":0,"97":0,"98":0,"99":0,"100":0,"101":0,"102":0,"103":0,"104":0,"105":0,"106":0,"107":0,"108":0,"109":0,"110":0,"111":0,"112":0,"113":0,"114":0,"115":0,"116":0,"117":0,"118":0,"119":0,"120":0,"121":0,"122":0,"123":0,"124":0,"125":0,"126":0,"127":0,"128":0,"129":0,"130":0,"131":0,"132":0,"133":0,"134":0,"135":0,"136":0,"137":0,"138":0,"139":0,"140":0,"141":0,"142":0,"143":0,"144":0,"145":0,"146":0,"147":0,"148":0},"b":{"1":[0,0],"2":[0,0],"3":[0,0],"4":[0,0],"5":[0,0],"6":[0,0],"7":[0,0],"8":[0,0],"9":[0,0],"10":[0,0],"11":[0,0],"12":[0,0],"13":[0,0],"14":[0,0],"15":[0,0],"16":[0,0],"17":[0,0],"18":[0,0],"19":[0,0],"20":[0,0],"21":[0,0],"22":[0,0],"23":[0,0],"24":[0,0],"25":[0,0],"26":[0,0],"27":[0,0],"28":[0,0],"29":[0,0],"30":[0,0],"31":[0,0],"32":[0,0]},"f":{"1":0,"2":0,"3":0,"4":0,"5":0,"6":0,"7":0,"8":0,"9":0,"10":0,"11":0,"12":0,"13":0,"14":0,"15":0,"16":0,"17":0,"18":0,"19":0,"20":0,"21":0,"22":0,"23":0,"24":0,"25":0,"26":0,"27":0,"28":0,"29":0,"30":0,"31":0,"32":0,"33":0,"34":0,"35":0,"36":0,"37":0,"38":0,"39":0,"40":0},"fnMap":{"1":{"name":"(anonymous_1)","line":8,"loc":{"start":{"line":8,"column":15},"end":{"line":8,"column":45}}},"2":{"name":"(anonymous_2)","line":13,"loc":{"start":{"line":13,"column":37},"end":{"line":13,"column":56}}},"3":{"name":"(anonymous_3)","line":23,"loc":{"start":{"line":23,"column":16},"end":{"line":23,"column":46}}},"4":{"name":"(anonymous_4)","line":25,"loc":{"start":{"line":25,"column":48},"end":{"line":25,"column":68}}},"5":{"name":"(anonymous_5)","line":36,"loc":{"start":{"line":36,"column":21},"end":{"line":36,"column":55}}},"6":{"name":"(anonymous_6)","line":37,"loc":{"start":{"line":37,"column":27},"end":{"line":37,"column":47}}},"7":{"name":"(anonymous_7)","line":38,"loc":{"start":{"line":38,"column":49},"end":{"line":38,"column":73}}},"8":{"name":"(anonymous_8)","line":39,"loc":{"start":{"line":39,"column":51},"end":{"line":39,"column":74}}},"9":{"name":"(anonymous_9)","line":50,"loc":{"start":{"line":50,"column":11},"end":{"line":50,"column":55}}},"10":{"name":"(anonymous_10)","line":65,"loc":{"start":{"line":65,"column":38},"end":{"line":65,"column":58}}},"11":{"name":"(anonymous_11)","line":69,"loc":{"start":{"line":69,"column":75},"end":{"line":69,"column":95}}},"12":{"name":"(anonymous_12)","line":74,"loc":{"start":{"line":74,"column":69},"end":{"line":74,"column":89}}},"13":{"name":"(anonymous_13)","line":87,"loc":{"start":{"line":87,"column":15},"end":{"line":87,"column":56}}},"14":{"name":"(anonymous_14)","line":90,"loc":{"start":{"line":90,"column":37},"end":{"line":90,"column":59}}},"15":{"name":"(anonymous_15)","line":94,"loc":{"start":{"line":94,"column":56},"end":{"line":94,"column":75}}},"16":{"name":"(anonymous_16)","line":97,"loc":{"start":{"line":97,"column":18},"end":{"line":97,"column":33}}},"17":{"name":"(anonymous_17)","line":110,"loc":{"start":{"line":110,"column":14},"end":{"line":110,"column":55}}},"18":{"name":"(anonymous_18)","line":112,"loc":{"start":{"line":112,"column":44},"end":{"line":112,"column":64}}},"19":{"name":"(anonymous_19)","line":124,"loc":{"start":{"line":124,"column":16},"end":{"line":124,"column":46}}},"20":{"name":"(anonymous_20)","line":126,"loc":{"start":{"line":126,"column":32},"end":{"line":126,"column":55}}},"21":{"name":"(anonymous_21)","line":132,"loc":{"start":{"line":132,"column":49},"end":{"line":132,"column":64}}},"22":{"name":"(anonymous_22)","line":146,"loc":{"start":{"line":146,"column":19},"end":{"line":146,"column":69}}},"23":{"name":"(anonymous_23)","line":148,"loc":{"start":{"line":148,"column":43},"end":{"line":148,"column":72}}},"24":{"name":"(anonymous_24)","line":155,"loc":{"start":{"line":155,"column":87},"end":{"line":155,"column":107}}},"25":{"name":"(anonymous_25)","line":169,"loc":{"start":{"line":169,"column":19},"end":{"line":169,"column":74}}},"26":{"name":"(anonymous_26)","line":171,"loc":{"start":{"line":171,"column":37},"end":{"line":171,"column":72}}},"27":{"name":"(anonymous_27)","line":177,"loc":{"start":{"line":177,"column":31},"end":{"line":177,"column":73}}},"28":{"name":"(anonymous_28)","line":180,"loc":{"start":{"line":180,"column":32},"end":{"line":180,"column":59}}},"29":{"name":"(anonymous_29)","line":193,"loc":{"start":{"line":193,"column":33},"end":{"line":193,"column":64}}},"30":{"name":"(anonymous_30)","line":194,"loc":{"start":{"line":194,"column":35},"end":{"line":194,"column":63}}},"31":{"name":"(anonymous_31)","line":202,"loc":{"start":{"line":202,"column":37},"end":{"line":202,"column":49}}},"32":{"name":"(anonymous_32)","line":204,"loc":{"start":{"line":204,"column":51},"end":{"line":204,"column":71}}},"33":{"name":"(anonymous_33)","line":218,"loc":{"start":{"line":218,"column":17},"end":{"line":218,"column":104}}},"34":{"name":"(anonymous_34)","line":223,"loc":{"start":{"line":223,"column":34},"end":{"line":223,"column":53}}},"35":{"name":"(anonymous_35)","line":232,"loc":{"start":{"line":232,"column":64},"end":{"line":232,"column":84}}},"36":{"name":"(anonymous_36)","line":255,"loc":{"start":{"line":255,"column":21},"end":{"line":255,"column":77}}},"37":{"name":"(anonymous_37)","line":257,"loc":{"start":{"line":257,"column":37},"end":{"line":257,"column":57}}},"38":{"name":"(anonymous_38)","line":266,"loc":{"start":{"line":266,"column":21},"end":{"line":266,"column":55}}},"39":{"name":"(anonymous_39)","line":269,"loc":{"start":{"line":269,"column":29},"end":{"line":269,"column":51}}},"40":{"name":"(anonymous_40)","line":270,"loc":{"start":{"line":270,"column":47},"end":{"line":270,"column":67}}}},"statementMap":{"1":{"start":{"line":1,"column":0},"end":{"line":1,"column":31}},"2":{"start":{"line":2,"column":0},"end":{"line":2,"column":32}},"3":{"start":{"line":4,"column":0},"end":{"line":278,"column":2}},"4":{"start":{"line":10,"column":8},"end":{"line":20,"column":9}},"5":{"start":{"line":11,"column":12},"end":{"line":11,"column":70}},"6":{"start":{"line":13,"column":11},"end":{"line":19,"column":26}},"7":{"start":{"line":14,"column":16},"end":{"line":18,"column":17}},"8":{"start":{"line":15,"column":20},"end":{"line":15,"column":40}},"9":{"start":{"line":17,"column":20},"end":{"line":17,"column":65}},"10":{"start":{"line":24,"column":8},"end":{"line":24,"column":61}},"11":{"start":{"line":25,"column":8},"end":{"line":33,"column":22}},"12":{"start":{"line":26,"column":12},"end":{"line":32,"column":13}},"13":{"start":{"line":27,"column":16},"end":{"line":27,"column":36}},"14":{"start":{"line":28,"column":19},"end":{"line":32,"column":13}},"15":{"start":{"line":29,"column":16},"end":{"line":29,"column":52}},"16":{"start":{"line":31,"column":16},"end":{"line":31,"column":35}},"17":{"start":{"line":37,"column":8},"end":{"line":47,"column":11}},"18":{"start":{"line":38,"column":12},"end":{"line":46,"column":36}},"19":{"start":{"line":39,"column":16},"end":{"line":45,"column":19}},"20":{"start":{"line":40,"column":20},"end":{"line":44,"column":21}},"21":{"start":{"line":41,"column":24},"end":{"line":41,"column":44}},"22":{"start":{"line":43,"column":24},"end":{"line":43,"column":49}},"23":{"start":{"line":52,"column":8},"end":{"line":52,"column":107}},"24":{"start":{"line":53,"column":8},"end":{"line":53,"column":34}},"25":{"start":{"line":54,"column":8},"end":{"line":54,"column":37}},"26":{"start":{"line":56,"column":8},"end":{"line":56,"column":55}},"27":{"start":{"line":57,"column":8},"end":{"line":57,"column":89}},"28":{"start":{"line":58,"column":8},"end":{"line":58,"column":17}},"29":{"start":{"line":59,"column":8},"end":{"line":63,"column":9}},"30":{"start":{"line":60,"column":10},"end":{"line":60,"column":74}},"31":{"start":{"line":62,"column":10},"end":{"line":62,"column":27}},"32":{"start":{"line":65,"column":8},"end":{"line":84,"column":11}},"33":{"start":{"line":66,"column":12},"end":{"line":83,"column":13}},"34":{"start":{"line":67,"column":16},"end":{"line":67,"column":56}},"35":{"start":{"line":69,"column":16},"end":{"line":82,"column":19}},"36":{"start":{"line":70,"column":20},"end":{"line":81,"column":21}},"37":{"start":{"line":71,"column":24},"end":{"line":71,"column":75}},"38":{"start":{"line":73,"column":24},"end":{"line":73,"column":49}},"39":{"start":{"line":74,"column":24},"end":{"line":80,"column":27}},"40":{"start":{"line":75,"column":28},"end":{"line":79,"column":29}},"41":{"start":{"line":76,"column":32},"end":{"line":76,"column":82}},"42":{"start":{"line":78,"column":32},"end":{"line":78,"column":80}},"43":{"start":{"line":88,"column":8},"end":{"line":88,"column":29}},"44":{"start":{"line":89,"column":8},"end":{"line":89,"column":66}},"45":{"start":{"line":90,"column":8},"end":{"line":107,"column":11}},"46":{"start":{"line":91,"column":12},"end":{"line":93,"column":13}},"47":{"start":{"line":92,"column":16},"end":{"line":92,"column":46}},"48":{"start":{"line":94,"column":12},"end":{"line":105,"column":8}},"49":{"start":{"line":95,"column":16},"end":{"line":95,"column":44}},"50":{"start":{"line":98,"column":6},"end":{"line":104,"column":17}},"51":{"start":{"line":99,"column":20},"end":{"line":99,"column":30}},"52":{"start":{"line":100,"column":23},"end":{"line":104,"column":17}},"53":{"start":{"line":101,"column":20},"end":{"line":101,"column":29}},"54":{"start":{"line":103,"column":20},"end":{"line":103,"column":29}},"55":{"start":{"line":106,"column":12},"end":{"line":106,"column":50}},"56":{"start":{"line":111,"column":8},"end":{"line":111,"column":47}},"57":{"start":{"line":112,"column":8},"end":{"line":120,"column":22}},"58":{"start":{"line":113,"column":12},"end":{"line":119,"column":13}},"59":{"start":{"line":114,"column":16},"end":{"line":114,"column":36}},"60":{"start":{"line":115,"column":19},"end":{"line":119,"column":13}},"61":{"start":{"line":116,"column":16},"end":{"line":116,"column":38}},"62":{"start":{"line":118,"column":16},"end":{"line":118,"column":37}},"63":{"start":{"line":125,"column":8},"end":{"line":125,"column":47}},"64":{"start":{"line":126,"column":8},"end":{"line":143,"column":11}},"65":{"start":{"line":127,"column":12},"end":{"line":142,"column":13}},"66":{"start":{"line":128,"column":16},"end":{"line":128,"column":36}},"67":{"start":{"line":129,"column":19},"end":{"line":142,"column":13}},"68":{"start":{"line":130,"column":16},"end":{"line":130,"column":40}},"69":{"start":{"line":132,"column":16},"end":{"line":140,"column":19}},"70":{"start":{"line":133,"column":20},"end":{"line":139,"column":21}},"71":{"start":{"line":134,"column":24},"end":{"line":134,"column":33}},"72":{"start":{"line":135,"column":27},"end":{"line":139,"column":21}},"73":{"start":{"line":136,"column":24},"end":{"line":136,"column":34}},"74":{"start":{"line":138,"column":24},"end":{"line":138,"column":33}},"75":{"start":{"line":141,"column":16},"end":{"line":141,"column":46}},"76":{"start":{"line":148,"column":8},"end":{"line":166,"column":11}},"77":{"start":{"line":149,"column":12},"end":{"line":165,"column":13}},"78":{"start":{"line":150,"column":16},"end":{"line":150,"column":36}},"79":{"start":{"line":152,"column":16},"end":{"line":152,"column":88}},"80":{"start":{"line":153,"column":16},"end":{"line":153,"column":62}},"81":{"start":{"line":154,"column":16},"end":{"line":154,"column":57}},"82":{"start":{"line":155,"column":16},"end":{"line":163,"column":19}},"83":{"start":{"line":156,"column":20},"end":{"line":162,"column":21}},"84":{"start":{"line":157,"column":24},"end":{"line":157,"column":44}},"85":{"start":{"line":158,"column":27},"end":{"line":162,"column":21}},"86":{"start":{"line":159,"column":24},"end":{"line":159,"column":46}},"87":{"start":{"line":161,"column":24},"end":{"line":161,"column":45}},"88":{"start":{"line":170,"column":8},"end":{"line":170,"column":71}},"89":{"start":{"line":171,"column":8},"end":{"line":174,"column":11}},"90":{"start":{"line":172,"column":12},"end":{"line":172,"column":81}},"91":{"start":{"line":173,"column":12},"end":{"line":173,"column":45}},"92":{"start":{"line":178,"column":8},"end":{"line":178,"column":66}},"93":{"start":{"line":179,"column":8},"end":{"line":179,"column":30}},"94":{"start":{"line":180,"column":8},"end":{"line":190,"column":11}},"95":{"start":{"line":181,"column":12},"end":{"line":183,"column":13}},"96":{"start":{"line":182,"column":16},"end":{"line":182,"column":36}},"97":{"start":{"line":185,"column":12},"end":{"line":188,"column":13}},"98":{"start":{"line":186,"column":16},"end":{"line":186,"column":71}},"99":{"start":{"line":187,"column":16},"end":{"line":187,"column":46}},"100":{"start":{"line":189,"column":12},"end":{"line":189,"column":41}},"101":{"start":{"line":194,"column":8},"end":{"line":215,"column":11}},"102":{"start":{"line":195,"column":12},"end":{"line":214,"column":13}},"103":{"start":{"line":196,"column":16},"end":{"line":196,"column":36}},"104":{"start":{"line":197,"column":19},"end":{"line":214,"column":13}},"105":{"start":{"line":198,"column":16},"end":{"line":198,"column":45}},"106":{"start":{"line":200,"column":16},"end":{"line":200,"column":37}},"107":{"start":{"line":201,"column":16},"end":{"line":201,"column":32}},"108":{"start":{"line":202,"column":16},"end":{"line":213,"column":19}},"109":{"start":{"line":203,"column":20},"end":{"line":203,"column":75}},"110":{"start":{"line":204,"column":20},"end":{"line":212,"column":23}},"111":{"start":{"line":205,"column":24},"end":{"line":208,"column":25}},"112":{"start":{"line":206,"column":28},"end":{"line":206,"column":76}},"113":{"start":{"line":207,"column":28},"end":{"line":207,"column":57}},"114":{"start":{"line":209,"column":24},"end":{"line":211,"column":25}},"115":{"start":{"line":210,"column":28},"end":{"line":210,"column":56}},"116":{"start":{"line":219,"column":8},"end":{"line":219,"column":23}},"117":{"start":{"line":220,"column":8},"end":{"line":220,"column":19}},"118":{"start":{"line":221,"column":8},"end":{"line":221,"column":20}},"119":{"start":{"line":223,"column":8},"end":{"line":252,"column":11}},"120":{"start":{"line":224,"column":12},"end":{"line":251,"column":13}},"121":{"start":{"line":225,"column":16},"end":{"line":225,"column":36}},"122":{"start":{"line":228,"column":16},"end":{"line":228,"column":32}},"123":{"start":{"line":229,"column":16},"end":{"line":229,"column":85}},"124":{"start":{"line":230,"column":16},"end":{"line":230,"column":95}},"125":{"start":{"line":232,"column":16},"end":{"line":240,"column":19}},"126":{"start":{"line":233,"column":20},"end":{"line":239,"column":21}},"127":{"start":{"line":234,"column":24},"end":{"line":234,"column":44}},"128":{"start":{"line":235,"column":27},"end":{"line":239,"column":21}},"129":{"start":{"line":236,"column":24},"end":{"line":236,"column":46}},"130":{"start":{"line":238,"column":24},"end":{"line":238,"column":45}},"131":{"start":{"line":243,"column":16},"end":{"line":243,"column":53}},"132":{"start":{"line":244,"column":16},"end":{"line":244,"column":56}},"133":{"start":{"line":245,"column":16},"end":{"line":245,"column":59}},"134":{"start":{"line":246,"column":16},"end":{"line":246,"column":55}},"135":{"start":{"line":248,"column":16},"end":{"line":250,"column":17}},"136":{"start":{"line":249,"column":20},"end":{"line":249,"column":67}},"137":{"start":{"line":256,"column":8},"end":{"line":256,"column":81}},"138":{"start":{"line":257,"column":8},"end":{"line":263,"column":11}},"139":{"start":{"line":258,"column":12},"end":{"line":262,"column":13}},"140":{"start":{"line":259,"column":16},"end":{"line":259,"column":36}},"141":{"start":{"line":261,"column":16},"end":{"line":261,"column":37}},"142":{"start":{"line":267,"column":8},"end":{"line":267,"column":30}},"143":{"start":{"line":268,"column":8},"end":{"line":268,"column":24}},"144":{"start":{"line":269,"column":8},"end":{"line":276,"column":11}},"145":{"start":{"line":270,"column":12},"end":{"line":275,"column":15}},"146":{"start":{"line":271,"column":16},"end":{"line":271,"column":40}},"147":{"start":{"line":272,"column":16},"end":{"line":274,"column":17}},"148":{"start":{"line":273,"column":20},"end":{"line":273,"column":49}}},"branchMap":{"1":{"line":10,"type":"if","locations":[{"start":{"line":10,"column":8},"end":{"line":10,"column":8}},{"start":{"line":10,"column":8},"end":{"line":10,"column":8}}]},"2":{"line":14,"type":"if","locations":[{"start":{"line":14,"column":16},"end":{"line":14,"column":16}},{"start":{"line":14,"column":16},"end":{"line":14,"column":16}}]},"3":{"line":26,"type":"if","locations":[{"start":{"line":26,"column":12},"end":{"line":26,"column":12}},{"start":{"line":26,"column":12},"end":{"line":26,"column":12}}]},"4":{"line":28,"type":"if","locations":[{"start":{"line":28,"column":19},"end":{"line":28,"column":19}},{"start":{"line":28,"column":19},"end":{"line":28,"column":19}}]},"5":{"line":40,"type":"if","locations":[{"start":{"line":40,"column":20},"end":{"line":40,"column":20}},{"start":{"line":40,"column":20},"end":{"line":40,"column":20}}]},"6":{"line":52,"type":"cond-expr","locations":[{"start":{"line":52,"column":44},"end":{"line":52,"column":46}},{"start":{"line":52,"column":49},"end":{"line":52,"column":105}}]},"7":{"line":59,"type":"if","locations":[{"start":{"line":59,"column":8},"end":{"line":59,"column":8}},{"start":{"line":59,"column":8},"end":{"line":59,"column":8}}]},"8":{"line":66,"type":"if","locations":[{"start":{"line":66,"column":12},"end":{"line":66,"column":12}},{"start":{"line":66,"column":12},"end":{"line":66,"column":12}}]},"9":{"line":70,"type":"if","locations":[{"start":{"line":70,"column":20},"end":{"line":70,"column":20}},{"start":{"line":70,"column":20},"end":{"line":70,"column":20}}]},"10":{"line":75,"type":"if","locations":[{"start":{"line":75,"column":28},"end":{"line":75,"column":28}},{"start":{"line":75,"column":28},"end":{"line":75,"column":28}}]},"11":{"line":98,"type":"if","locations":[{"start":{"line":98,"column":6},"end":{"line":98,"column":6}},{"start":{"line":98,"column":6},"end":{"line":98,"column":6}}]},"12":{"line":100,"type":"if","locations":[{"start":{"line":100,"column":23},"end":{"line":100,"column":23}},{"start":{"line":100,"column":23},"end":{"line":100,"column":23}}]},"13":{"line":113,"type":"if","locations":[{"start":{"line":113,"column":12},"end":{"line":113,"column":12}},{"start":{"line":113,"column":12},"end":{"line":113,"column":12}}]},"14":{"line":115,"type":"if","locations":[{"start":{"line":115,"column":19},"end":{"line":115,"column":19}},{"start":{"line":115,"column":19},"end":{"line":115,"column":19}}]},"15":{"line":127,"type":"if","locations":[{"start":{"line":127,"column":12},"end":{"line":127,"column":12}},{"start":{"line":127,"column":12},"end":{"line":127,"column":12}}]},"16":{"line":129,"type":"if","locations":[{"start":{"line":129,"column":19},"end":{"line":129,"column":19}},{"start":{"line":129,"column":19},"end":{"line":129,"column":19}}]},"17":{"line":129,"type":"binary-expr","locations":[{"start":{"line":129,"column":23},"end":{"line":129,"column":31}},{"start":{"line":129,"column":35},"end":{"line":129,"column":55}}]},"18":{"line":133,"type":"if","locations":[{"start":{"line":133,"column":20},"end":{"line":133,"column":20}},{"start":{"line":133,"column":20},"end":{"line":133,"column":20}}]},"19":{"line":135,"type":"if","locations":[{"start":{"line":135,"column":27},"end":{"line":135,"column":27}},{"start":{"line":135,"column":27},"end":{"line":135,"column":27}}]},"20":{"line":149,"type":"if","locations":[{"start":{"line":149,"column":12},"end":{"line":149,"column":12}},{"start":{"line":149,"column":12},"end":{"line":149,"column":12}}]},"21":{"line":156,"type":"if","locations":[{"start":{"line":156,"column":20},"end":{"line":156,"column":20}},{"start":{"line":156,"column":20},"end":{"line":156,"column":20}}]},"22":{"line":158,"type":"if","locations":[{"start":{"line":158,"column":27},"end":{"line":158,"column":27}},{"start":{"line":158,"column":27},"end":{"line":158,"column":27}}]},"23":{"line":181,"type":"if","locations":[{"start":{"line":181,"column":12},"end":{"line":181,"column":12}},{"start":{"line":181,"column":12},"end":{"line":181,"column":12}}]},"24":{"line":195,"type":"if","locations":[{"start":{"line":195,"column":12},"end":{"line":195,"column":12}},{"start":{"line":195,"column":12},"end":{"line":195,"column":12}}]},"25":{"line":197,"type":"if","locations":[{"start":{"line":197,"column":19},"end":{"line":197,"column":19}},{"start":{"line":197,"column":19},"end":{"line":197,"column":19}}]},"26":{"line":197,"type":"binary-expr","locations":[{"start":{"line":197,"column":23},"end":{"line":197,"column":36}},{"start":{"line":197,"column":40},"end":{"line":197,"column":65}}]},"27":{"line":209,"type":"if","locations":[{"start":{"line":209,"column":24},"end":{"line":209,"column":24}},{"start":{"line":209,"column":24},"end":{"line":209,"column":24}}]},"28":{"line":224,"type":"if","locations":[{"start":{"line":224,"column":12},"end":{"line":224,"column":12}},{"start":{"line":224,"column":12},"end":{"line":224,"column":12}}]},"29":{"line":233,"type":"if","locations":[{"start":{"line":233,"column":20},"end":{"line":233,"column":20}},{"start":{"line":233,"column":20},"end":{"line":233,"column":20}}]},"30":{"line":235,"type":"if","locations":[{"start":{"line":235,"column":27},"end":{"line":235,"column":27}},{"start":{"line":235,"column":27},"end":{"line":235,"column":27}}]},"31":{"line":258,"type":"if","locations":[{"start":{"line":258,"column":12},"end":{"line":258,"column":12}},{"start":{"line":258,"column":12},"end":{"line":258,"column":12}}]},"32":{"line":272,"type":"if","locations":[{"start":{"line":272,"column":16},"end":{"line":272,"column":16}},{"start":{"line":272,"column":16},"end":{"line":272,"column":16}}]}}}}